<?xml version="1.0" encoding="UTF-8"?>
<!-- Generated by org.testng.reporters.JUnitReportReporter -->
<testsuite skipped="0" hostname="PC-20190212QEES" name="com.jenkins.TestNg5" tests="1" failures="0" timestamp="14 七月 2019 13:43:59 GMT" time="0.004" errors="0">
  <testcase name="t" time="0.004" classname="com.jenkins.TestNg5"/>
</testsuite> <!-- com.jenkins.TestNg5 -->
