<?xml version="1.0" encoding="UTF-8"?>
<!-- Generated by org.testng.reporters.JUnitReportReporter -->
<testsuite skipped="0" hostname="PC-20190212QEES" name="com.jenkins.TestNg1" tests="1" failures="0" timestamp="15 七月 2019 13:05:27 GMT" time="0.009" errors="0">
  <testcase name="t" time="0.009" classname="com.jenkins.TestNg1"/>
</testsuite> <!-- com.jenkins.TestNg1 -->
