<?xml version="1.0" encoding="UTF-8"?>
<!-- Generated by org.testng.reporters.JUnitReportReporter -->
<testsuite skipped="0" hostname="PC-20190212QEES" name="com.jenkins.TestNg2" tests="1" failures="0" timestamp="14 七月 2019 14:28:46 GMT" time="0.002" errors="0">
  <testcase name="t" time="0.002" classname="com.jenkins.TestNg2"/>
</testsuite> <!-- com.jenkins.TestNg2 -->
