<?xml version="1.0" encoding="UTF-8"?>
<!-- Generated by org.testng.reporters.JUnitReportReporter -->
<testsuite skipped="0" hostname="PC-20190212QEES" name="com.jenkins.TestNg6" tests="1" failures="0" timestamp="14 七月 2019 13:43:59 GMT" time="0.005" errors="0">
  <testcase name="t" time="0.005" classname="com.jenkins.TestNg6"/>
</testsuite> <!-- com.jenkins.TestNg6 -->
